<?xml version="1.0" encoding="UTF-8"?><testsuites failures="10" name="dependency-check" tests="142"><testsuite failures="0" id="0" name="C:\Users\Public\Desktop\code\Orchestration\webapps\venv\Lib\site-packages\Flask-2.0.3.dist-info\METADATA" package="Flask:2.0.3" skipped="0" tests="1" timestamp="2022-04-08T07:33:27.4087192"><testcase classname="dependency-check" name="Flask:2.0.3"/></testsuite><testsuite failures="0" id="1" name="C:\Users\Public\Desktop\code\Orchestration\webapps\venv\Lib\site-packages\Jinja2-3.1.1.dist-info\METADATA" package="Jinja2:3.1.1" skipped="0" tests="1" timestamp="2022-04-08T07:33:27.4087192"><testcase classname="dependency-check" name="Jinja2:3.1.1"/></testsuite><testsuite failures="0" id="2" name="C:\Users\Public\Desktop\code\Orchestration\webapps\venv\Lib\site-packages\MarkupSafe-2.1.1.dist-info\METADATA" package="MarkupSafe:2.1.1" skipped="0" tests="1" timestamp="2022-04-08T07:33:27.4087192"><testcase classname="dependency-check" name="MarkupSafe:2.1.1"/></testsuite><testsuite failures="0" id="3" name="C:\Users\Public\Desktop\code\Orchestration\webapps\venv\Lib\site-packages\Werkzeug-2.1.0.dist-info\METADATA" package="Werkzeug:2.1.0" skipped="0" tests="1" timestamp="2022-04-08T07:33:27.4087192"><testcase classname="dependency-check" name="Werkzeug:2.1.0"/></testsuite><testsuite failures="0" id="4" name="C:\Users\Public\Desktop\code\Orchestration\webapps\venv\Lib\site-packages\_distutils_hack\__init__.py" package="__init__.py" skipped="0" tests="1" timestamp="2022-04-08T07:33:27.4087192"><testcase classname="dependency-check" name="__init__.py"/></testsuite><testsuite failures="0" id="5" name="C:\Users\Public\Desktop\code\Orchestration\webapps\venv\Lib\site-packages\bencode\__init__.py" package="__init__.py" skipped="0" tests="1" timestamp="2022-04-08T07:33:27.4087192"><testcase classname="dependency-check" name="__init__.py"/></testsuite><testsuite failures="0" id="6" name="C:\Users\Public\Desktop\code\Orchestration\webapps\venv\Lib\site-packages\charset_normalizer\assets\__init__.py" package="__init__.py" skipped="0" tests="1" timestamp="2022-04-08T07:33:27.4087192"><testcase classname="dependency-check" name="__init__.py"/></testsuite><testsuite failures="0" id="7" name="C:\Users\Public\Desktop\code\Orchestration\webapps\venv\Lib\site-packages\flask\json\__init__.py" package="__init__.py" skipped="0" tests="1" timestamp="2022-04-08T07:33:27.4087192"><testcase classname="dependency-check" name="__init__.py"/></testsuite><testsuite failures="0" id="8" name="C:\Users\Public\Desktop\code\Orchestration\webapps\venv\Lib\site-packages\importlib_metadata\__init__.py" package="__init__.py" skipped="0" tests="1" timestamp="2022-04-08T07:33:27.4087192"><testcase classname="dependency-check" name="__init__.py"/></testsuite><testsuite failures="0" id="9" name="C:\Users\Public\Desktop\code\Orchestration\webapps\venv\Lib\site-packages\jira\__init__.py" package="__init__.py" skipped="0" tests="1" timestamp="2022-04-08T07:33:27.4087192"><testcase classname="dependency-check" name="__init__.py"/></testsuite><testsuite failures="0" id="10" name="C:\Users\Public\Desktop\code\Orchestration\webapps\venv\Lib\site-packages\jira\utils\__init__.py" package="__init__.py" skipped="0" tests="1" timestamp="2022-04-08T07:33:27.4087192"><testcase classname="dependency-check" name="__init__.py"/></testsuite><testsuite failures="0" id="11" name="C:\Users\Public\Desktop\code\Orchestration\webapps\venv\Lib\site-packages\keyring\__init__.py" package="__init__.py" skipped="0" tests="1" timestamp="2022-04-08T07:33:27.4087192"><testcase classname="dependency-check" name="__init__.py"/></testsuite><testsuite failures="0" id="12" name="C:\Users\Public\Desktop\code\Orchestration\webapps\venv\Lib\site-packages\keyring\backends\macOS\__init__.py" package="__init__.py" skipped="0" tests="1" timestamp="2022-04-08T07:33:27.4087192"><testcase classname="dependency-check" name="__init__.py"/></testsuite><testsuite failures="0" id="13" name="C:\Users\Public\Desktop\code\Orchestration\webapps\venv\Lib\site-packages\keyring\util\__init__.py" package="__init__.py" skipped="0" tests="1" timestamp="2022-04-08T07:33:27.4087192"><testcase classname="dependency-check" name="__init__.py"/></testsuite><testsuite failures="0" id="14" name="C:\Users\Public\Desktop\code\Orchestration\webapps\venv\Lib\site-packages\lib\__init__.py" package="__init__.py" skipped="0" tests="1" timestamp="2022-04-08T07:33:27.4087192"><testcase classname="dependency-check" name="__init__.py"/></testsuite><testsuite failures="0" id="15" name="C:\Users\Public\Desktop\code\Orchestration\webapps\venv\Lib\site-packages\oauthlib\oauth1\__init__.py" package="__init__.py" skipped="0" tests="1" timestamp="2022-04-08T07:33:27.4087192"><testcase classname="dependency-check" name="__init__.py"/></testsuite><testsuite failures="0" id="16" name="C:\Users\Public\Desktop\code\Orchestration\webapps\venv\Lib\site-packages\oauthlib\oauth1\rfc5849\__init__.py" package="__init__.py" skipped="0" tests="1" timestamp="2022-04-08T07:33:27.4087192"><testcase classname="dependency-check" name="__init__.py"/></testsuite><testsuite failures="0" id="17" name="C:\Users\Public\Desktop\code\Orchestration\webapps\venv\Lib\site-packages\oauthlib\oauth1\rfc5849\endpoints\__init__.py" package="__init__.py" skipped="0" tests="1" timestamp="2022-04-08T07:33:27.4087192"><testcase classname="dependency-check" name="__init__.py"/></testsuite><testsuite failures="0" id="18" name="C:\Users\Public\Desktop\code\Orchestration\webapps\venv\Lib\site-packages\oauthlib\oauth2\__init__.py" package="__init__.py" skipped="0" tests="1" timestamp="2022-04-08T07:33:27.4087192"><testcase classname="dependency-check" name="__init__.py"/></testsuite><testsuite failures="0" id="19" name="C:\Users\Public\Desktop\code\Orchestration\webapps\venv\Lib\site-packages\oauthlib\oauth2\rfc6749\__init__.py" package="__init__.py" skipped="0" tests="1" timestamp="2022-04-08T07:33:27.4087192"><testcase classname="dependency-check" name="__init__.py"/></testsuite><testsuite failures="0" id="20" name="C:\Users\Public\Desktop\code\Orchestration\webapps\venv\Lib\site-packages\oauthlib\oauth2\rfc6749\clients\__init__.py" package="__init__.py" skipped="0" tests="1" timestamp="2022-04-08T07:33:27.4087192"><testcase classname="dependency-check" name="__init__.py"/></testsuite><testsuite failures="0" id="21" name="C:\Users\Public\Desktop\code\Orchestration\webapps\venv\Lib\site-packages\oauthlib\oauth2\rfc6749\endpoints\__init__.py" package="__init__.py" skipped="0" tests="1" timestamp="2022-04-08T07:33:27.4087192"><testcase classname="dependency-check" name="__init__.py"/></testsuite><testsuite failures="0" id="22" name="C:\Users\Public\Desktop\code\Orchestration\webapps\venv\Lib\site-packages\oauthlib\oauth2\rfc6749\grant_types\__init__.py" package="__init__.py" skipped="0" tests="1" timestamp="2022-04-08T07:33:27.4087192"><testcase classname="dependency-check" name="__init__.py"/></testsuite><testsuite failures="0" id="23" name="C:\Users\Public\Desktop\code\Orchestration\webapps\venv\Lib\site-packages\oauthlib\oauth2\rfc8628\__init__.py" package="__init__.py" skipped="0" tests="1" timestamp="2022-04-08T07:33:27.4087192"><testcase classname="dependency-check" name="__init__.py"/></testsuite><testsuite failures="0" id="24" name="C:\Users\Public\Desktop\code\Orchestration\webapps\venv\Lib\site-packages\oauthlib\oauth2\rfc8628\clients\__init__.py" package="__init__.py" skipped="0" tests="1" timestamp="2022-04-08T07:33:27.4087192"><testcase classname="dependency-check" name="__init__.py"/></testsuite><testsuite failures="0" id="25" name="C:\Users\Public\Desktop\code\Orchestration\webapps\venv\Lib\site-packages\oauthlib\openid\__init__.py" package="__init__.py" skipped="0" tests="1" timestamp="2022-04-08T07:33:27.4087192"><testcase classname="dependency-check" name="__init__.py"/></testsuite><testsuite failures="0" id="26" name="C:\Users\Public\Desktop\code\Orchestration\webapps\venv\Lib\site-packages\oauthlib\openid\connect\core\endpoints\__init__.py" package="__init__.py" skipped="0" tests="1" timestamp="2022-04-08T07:33:27.4087192"><testcase classname="dependency-check" name="__init__.py"/></testsuite><testsuite failures="0" id="27" name="C:\Users\Public\Desktop\code\Orchestration\webapps\venv\Lib\site-packages\oauthlib\openid\connect\core\grant_types\__init__.py" package="__init__.py" skipped="0" tests="1" timestamp="2022-04-08T07:33:27.4087192"><testcase classname="dependency-check" name="__init__.py"/></testsuite><testsuite failures="0" id="28" name="C:\Users\Public\Desktop\code\Orchestration\webapps\venv\Lib\site-packages\pip\_internal\__init__.py" package="__init__.py" skipped="0" tests="1" timestamp="2022-04-08T07:33:27.4087192"><testcase classname="dependency-check" name="__init__.py"/></testsuite><testsuite failures="0" id="29" name="C:\Users\Public\Desktop\code\Orchestration\webapps\venv\Lib\site-packages\pip\_internal\cli\__init__.py" package="__init__.py" skipped="0" tests="1" timestamp="2022-04-08T07:33:27.4087192"><testcase classname="dependency-check" name="__init__.py"/></testsuite><testsuite failures="0" id="30" name="C:\Users\Public\Desktop\code\Orchestration\webapps\venv\Lib\site-packages\pip\_internal\commands\__init__.py" package="__init__.py" skipped="0" tests="1" timestamp="2022-04-08T07:33:27.4087192"><testcase classname="dependency-check" name="__init__.py"/></testsuite><testsuite failures="0" id="31" name="C:\Users\Public\Desktop\code\Orchestration\webapps\venv\Lib\site-packages\pip\_internal\distributions\__init__.py" package="__init__.py" skipped="0" tests="1" timestamp="2022-04-08T07:33:27.4087192"><testcase classname="dependency-check" name="__init__.py"/></testsuite><testsuite failures="0" id="32" name="C:\Users\Public\Desktop\code\Orchestration\webapps\venv\Lib\site-packages\pip\_internal\index\__init__.py" package="__init__.py" skipped="0" tests="1" timestamp="2022-04-08T07:33:27.4087192"><testcase classname="dependency-check" name="__init__.py"/></testsuite><testsuite failures="0" id="33" name="C:\Users\Public\Desktop\code\Orchestration\webapps\venv\Lib\site-packages\pip\_internal\locations\__init__.py" package="__init__.py" skipped="0" tests="1" timestamp="2022-04-08T07:33:27.4087192"><testcase classname="dependency-check" name="__init__.py"/></testsuite><testsuite failures="0" id="34" name="C:\Users\Public\Desktop\code\Orchestration\webapps\venv\Lib\site-packages\pip\_internal\metadata\__init__.py" package="__init__.py" skipped="0" tests="1" timestamp="2022-04-08T07:33:27.4087192"><testcase classname="dependency-check" name="__init__.py"/></testsuite><testsuite failures="0" id="35" name="C:\Users\Public\Desktop\code\Orchestration\webapps\venv\Lib\site-packages\pip\_internal\models\__init__.py" package="__init__.py" skipped="0" tests="1" timestamp="2022-04-08T07:33:27.4087192"><testcase classname="dependency-check" name="__init__.py"/></testsuite><testsuite failures="0" id="36" name="C:\Users\Public\Desktop\code\Orchestration\webapps\venv\Lib\site-packages\pip\_internal\network\__init__.py" package="__init__.py" skipped="0" tests="1" timestamp="2022-04-08T07:33:27.4087192"><testcase classname="dependency-check" name="__init__.py"/></testsuite><testsuite failures="0" id="37" name="C:\Users\Public\Desktop\code\Orchestration\webapps\venv\Lib\site-packages\pip\_internal\operations\install\__init__.py" package="__init__.py" skipped="0" tests="1" timestamp="2022-04-08T07:33:27.4087192"><testcase classname="dependency-check" name="__init__.py"/></testsuite><testsuite failures="0" id="38" name="C:\Users\Public\Desktop\code\Orchestration\webapps\venv\Lib\site-packages\pip\_internal\req\__init__.py" package="__init__.py" skipped="0" tests="1" timestamp="2022-04-08T07:33:27.4087192"><testcase classname="dependency-check" name="__init__.py"/></testsuite><testsuite failures="0" id="39" name="C:\Users\Public\Desktop\code\Orchestration\webapps\venv\Lib\site-packages\pip\_internal\vcs\__init__.py" package="__init__.py" skipped="0" tests="1" timestamp="2022-04-08T07:33:27.4087192"><testcase classname="dependency-check" name="__init__.py"/></testsuite><testsuite failures="0" id="40" name="C:\Users\Public\Desktop\code\Orchestration\webapps\venv\Lib\site-packages\pip\_vendor\cachecontrol\caches\__init__.py" package="__init__.py" skipped="0" tests="1" timestamp="2022-04-08T07:33:27.4087192"><testcase classname="dependency-check" name="__init__.py"/></testsuite><testsuite failures="0" id="41" name="C:\Users\Public\Desktop\code\Orchestration\webapps\venv\Lib\site-packages\pip\_vendor\chardet\cli\__init__.py" package="__init__.py" skipped="0" tests="1" timestamp="2022-04-08T07:33:27.4087192"><testcase classname="dependency-check" name="__init__.py"/></testsuite><testsuite failures="0" id="42" name="C:\Users\Public\Desktop\code\Orchestration\webapps\venv\Lib\site-packages\pip\_vendor\html5lib\_trie\__init__.py" package="__init__.py" skipped="0" tests="1" timestamp="2022-04-08T07:33:27.4087192"><testcase classname="dependency-check" name="__init__.py"/></testsuite><testsuite failures="0" id="43" name="C:\Users\Public\Desktop\code\Orchestration\webapps\venv\Lib\site-packages\pip\_vendor\html5lib\treeadapters\__init__.py" package="__init__.py" skipped="0" tests="1" timestamp="2022-04-08T07:33:27.4087192"><testcase classname="dependency-check" name="__init__.py"/></testsuite><testsuite failures="0" id="44" name="C:\Users\Public\Desktop\code\Orchestration\webapps\venv\Lib\site-packages\pip\_vendor\html5lib\treebuilders\__init__.py" package="__init__.py" skipped="0" tests="1" timestamp="2022-04-08T07:33:27.4087192"><testcase classname="dependency-check" name="__init__.py"/></testsuite><testsuite failures="0" id="45" name="C:\Users\Public\Desktop\code\Orchestration\webapps\venv\Lib\site-packages\pip\_vendor\html5lib\treewalkers\__init__.py" package="__init__.py" skipped="0" tests="1" timestamp="2022-04-08T07:33:27.4087192"><testcase classname="dependency-check" name="__init__.py"/></testsuite><testsuite failures="0" id="46" name="C:\Users\Public\Desktop\code\Orchestration\webapps\venv\Lib\site-packages\pip\_vendor\msgpack\__init__.py" package="__init__.py" skipped="0" tests="1" timestamp="2022-04-08T07:33:27.4087192"><testcase classname="dependency-check" name="__init__.py"/></testsuite><testsuite failures="0" id="47" name="C:\Users\Public\Desktop\code\Orchestration\webapps\venv\Lib\site-packages\pip\_vendor\pep517\in_process\__init__.py" package="__init__.py" skipped="0" tests="1" timestamp="2022-04-08T07:33:27.4087192"><testcase classname="dependency-check" name="__init__.py"/></testsuite><testsuite failures="0" id="48" name="C:\Users\Public\Desktop\code\Orchestration\webapps\venv\Lib\site-packages\pip\_vendor\pkg_resources\__init__.py" package="__init__.py" skipped="0" tests="1" timestamp="2022-04-08T07:33:27.4087192"><testcase classname="dependency-check" name="__init__.py"/></testsuite><testsuite failures="0" id="49" name="C:\Users\Public\Desktop\code\Orchestration\webapps\venv\Lib\site-packages\pip\_vendor\tenacity\__init__.py" package="__init__.py" skipped="0" tests="1" timestamp="2022-04-08T07:33:27.4087192"><testcase classname="dependency-check" name="__init__.py"/></testsuite><testsuite failures="0" id="50" name="C:\Users\Public\Desktop\code\Orchestration\webapps\venv\Lib\site-packages\pkg_resources\__init__.py" package="__init__.py" skipped="0" tests="1" timestamp="2022-04-08T07:33:27.4087192"><testcase classname="dependency-check" name="__init__.py"/></testsuite><testsuite failures="0" id="51" name="C:\Users\Public\Desktop\code\Orchestration\webapps\venv\Lib\site-packages\pkg_resources\extern\__init__.py" package="__init__.py" skipped="0" tests="1" timestamp="2022-04-08T07:33:27.4087192"><testcase classname="dependency-check" name="__init__.py"/></testsuite><testsuite failures="0" id="52" name="C:\Users\Public\Desktop\code\Orchestration\webapps\venv\Lib\site-packages\requests_oauthlib\compliance_fixes\__init__.py" package="__init__.py" skipped="0" tests="1" timestamp="2022-04-08T07:33:27.4087192"><testcase classname="dependency-check" name="__init__.py"/></testsuite><testsuite failures="0" id="53" name="C:\Users\Public\Desktop\code\Orchestration\webapps\venv\Lib\site-packages\requests_toolbelt\adapters\__init__.py" package="__init__.py" skipped="0" tests="1" timestamp="2022-04-08T07:33:27.4087192"><testcase classname="dependency-check" name="__init__.py"/></testsuite><testsuite failures="0" id="54" name="C:\Users\Public\Desktop\code\Orchestration\webapps\venv\Lib\site-packages\requests_toolbelt\multipart\__init__.py" package="__init__.py" skipped="0" tests="1" timestamp="2022-04-08T07:33:27.4087192"><testcase classname="dependency-check" name="__init__.py"/></testsuite><testsuite failures="0" id="55" name="C:\Users\Public\Desktop\code\Orchestration\webapps\venv\Lib\site-packages\requests_toolbelt\threaded\__init__.py" package="__init__.py" skipped="0" tests="1" timestamp="2022-04-08T07:33:27.4087192"><testcase classname="dependency-check" name="__init__.py"/></testsuite><testsuite failures="0" id="56" name="C:\Users\Public\Desktop\code\Orchestration\webapps\venv\Lib\site-packages\setuptools\__init__.py" package="__init__.py" skipped="0" tests="1" timestamp="2022-04-08T07:33:27.4087192"><testcase classname="dependency-check" name="__init__.py"/></testsuite><testsuite failures="0" id="57" name="C:\Users\Public\Desktop\code\Orchestration\webapps\venv\Lib\site-packages\setuptools\_distutils\command\__init__.py" package="__init__.py" skipped="0" tests="1" timestamp="2022-04-08T07:33:27.4087192"><testcase classname="dependency-check" name="__init__.py"/></testsuite><testsuite failures="0" id="58" name="C:\Users\Public\Desktop\code\Orchestration\webapps\venv\Lib\site-packages\setuptools\extern\__init__.py" package="__init__.py" skipped="0" tests="1" timestamp="2022-04-08T07:33:27.4087192"><testcase classname="dependency-check" name="__init__.py"/></testsuite><testsuite failures="0" id="59" name="C:\Users\Public\Desktop\code\Orchestration\webapps\venv\Lib\site-packages\werkzeug\debug\__init__.py" package="__init__.py" skipped="0" tests="1" timestamp="2022-04-08T07:33:27.4087192"><testcase classname="dependency-check" name="__init__.py"/></testsuite><testsuite failures="0" id="60" name="C:\Users\Public\Desktop\code\Orchestration\webapps\venv\Lib\site-packages\werkzeug\middleware\__init__.py" package="__init__.py" skipped="0" tests="1" timestamp="2022-04-08T07:33:27.4087192"><testcase classname="dependency-check" name="__init__.py"/></testsuite><testsuite failures="0" id="61" name="C:\Users\Public\Desktop\code\Orchestration\webapps\venv\Lib\site-packages\werkzeug\wrappers\__init__.py" package="__init__.py" skipped="0" tests="1" timestamp="2022-04-08T07:33:27.4087192"><testcase classname="dependency-check" name="__init__.py"/></testsuite><testsuite failures="0" id="62" name="C:\Users\Public\Desktop\code\Orchestration\webapps\venv\Lib\site-packages\wheel\cli\__init__.py" package="__init__.py" skipped="0" tests="1" timestamp="2022-04-08T07:33:27.4087192"><testcase classname="dependency-check" name="__init__.py"/></testsuite><testsuite failures="0" id="63" name="C:\Users\Public\Desktop\code\Orchestration\webapps\venv\Lib\site-packages\win32ctypes\core\__init__.py" package="__init__.py" skipped="0" tests="1" timestamp="2022-04-08T07:33:27.4087192"><testcase classname="dependency-check" name="__init__.py"/></testsuite><testsuite failures="0" id="64" name="C:\Users\Public\Desktop\code\Orchestration\webapps\venv\Lib\site-packages\win32ctypes\pywin32\__init__.py" package="__init__.py" skipped="0" tests="1" timestamp="2022-04-08T07:33:27.4087192"><testcase classname="dependency-check" name="__init__.py"/></testsuite><testsuite failures="0" id="65" name="C:\Users\Public\Desktop\code\Orchestration\webapps\venv\Lib\site-packages\win32ctypes\tests\__init__.py" package="__init__.py" skipped="0" tests="1" timestamp="2022-04-08T07:33:27.4087192"><testcase classname="dependency-check" name="__init__.py"/></testsuite><testsuite failures="0" id="66" name="C:\Users\Public\Desktop\code\Orchestration\webapps\venv\Lib\site-packages\pip\_vendor\distlib\_backport\__init__.py" package="_backport:0.9.0" skipped="0" tests="1" timestamp="2022-04-08T07:33:27.4087192"><testcase classname="dependency-check" name="_backport:0.9.0"/></testsuite><testsuite failures="0" id="67" name="C:\Users\Public\Desktop\code\Orchestration\webapps\venv\Lib\site-packages\setuptools\_distutils\__init__.py" package="_distutils:1.0" skipped="0" tests="1" timestamp="2022-04-08T07:33:27.4087192"><testcase classname="dependency-check" name="_distutils:1.0"/></testsuite><testsuite failures="0" id="68" name="C:\Users\Public\Desktop\code\Orchestration\webapps\venv\Lib\site-packages\pip\_vendor\__init__.py" package="_vendor:1.15.0" skipped="0" tests="1" timestamp="2022-04-08T07:33:27.4087192"><testcase classname="dependency-check" name="_vendor:1.15.0"/></testsuite><testsuite failures="0" id="69" name="C:\Users\Public\Desktop\code\Orchestration\webapps\venv\Lib\site-packages\bencode-1.0.dist-info\METADATA" package="bencode:1.0" skipped="0" tests="1" timestamp="2022-04-08T07:33:27.4087192"><testcase classname="dependency-check" name="bencode:1.0"/></testsuite><testsuite failures="0" id="70" name="C:\Users\Public\Desktop\code\Orchestration\webapps\venv\Lib\site-packages\pip\_vendor\cachecontrol\__init__.py" package="cachecontrol:0.12.6" skipped="0" tests="1" timestamp="2022-04-08T07:33:27.4087192"><testcase classname="dependency-check" name="cachecontrol:0.12.6"/></testsuite><testsuite failures="0" id="71" name="C:\Users\Public\Desktop\code\Orchestration\webapps\venv\Lib\site-packages\pip\_vendor\certifi\__init__.py" package="certifi:2020.12.05" skipped="0" tests="1" timestamp="2022-04-08T07:33:27.4087192"><testcase classname="dependency-check" name="certifi:2020.12.05"/></testsuite><testsuite failures="0" id="72" name="C:\Users\Public\Desktop\code\Orchestration\webapps\venv\Lib\site-packages\certifi\__init__.py" package="certifi:2021.10.08" skipped="0" tests="1" timestamp="2022-04-08T07:33:27.4087192"><testcase classname="dependency-check" name="certifi:2021.10.08"/></testsuite><testsuite failures="0" id="73" name="C:\Users\Public\Desktop\code\Orchestration\webapps\venv\Lib\site-packages\certifi-2021.10.8.dist-info\METADATA" package="certifi:2021.10.8" skipped="0" tests="1" timestamp="2022-04-08T07:33:27.4087192"><testcase classname="dependency-check" name="certifi:2021.10.8"/></testsuite><testsuite failures="0" id="74" name="C:\Users\Public\Desktop\code\Orchestration\webapps\venv\Lib\site-packages\pip\_vendor\chardet\__init__.py" package="chardet:4.0.0" skipped="0" tests="1" timestamp="2022-04-08T07:33:27.4087192"><testcase classname="dependency-check" name="chardet:4.0.0"/></testsuite><testsuite failures="0" id="75" name="C:\Users\Public\Desktop\code\Orchestration\webapps\venv\Lib\site-packages\charset_normalizer-2.0.12.dist-info\METADATA" package="charset-normalizer:2.0.12" skipped="0" tests="1" timestamp="2022-04-08T07:33:27.4087192"><testcase classname="dependency-check" name="charset-normalizer:2.0.12"/></testsuite><testsuite failures="0" id="76" name="C:\Users\Public\Desktop\code\Orchestration\webapps\venv\Lib\site-packages\charset_normalizer\__init__.py" package="charset_normalizer:2.0.12" skipped="0" tests="1" timestamp="2022-04-08T07:33:27.4087192"><testcase classname="dependency-check" name="charset_normalizer:2.0.12"/></testsuite><testsuite failures="0" id="77" name="C:\Users\Public\Desktop\code\Orchestration\webapps\venv\Lib\site-packages\setuptools\cli-32.exe" package="cli-32.exe" skipped="0" tests="1" timestamp="2022-04-08T07:33:27.4087192"><testcase classname="dependency-check" name="cli-32.exe"/></testsuite><testsuite failures="0" id="78" name="C:\Users\Public\Desktop\code\Orchestration\webapps\venv\Lib\site-packages\setuptools\cli-64.exe" package="cli-64.exe" skipped="0" tests="1" timestamp="2022-04-08T07:33:27.4087192"><testcase classname="dependency-check" name="cli-64.exe"/></testsuite><testsuite failures="0" id="79" name="C:\Users\Public\Desktop\code\Orchestration\webapps\venv\Lib\site-packages\click-8.1.1.dist-info\METADATA" package="click:8.1.1" skipped="0" tests="1" timestamp="2022-04-08T07:33:27.4087192"><testcase classname="dependency-check" name="click:8.1.1"/></testsuite><testsuite failures="0" id="80" name="C:\Users\Public\Desktop\code\Orchestration\webapps\venv\Lib\site-packages\click\__init__.py" package="click:8.1.1" skipped="0" tests="1" timestamp="2022-04-08T07:33:27.4087192"><testcase classname="dependency-check" name="click:8.1.1"/></testsuite><testsuite failures="0" id="81" name="C:\Users\Public\Desktop\code\Orchestration\webapps\venv\Lib\site-packages\colorama-0.4.4.dist-info\METADATA" package="colorama:0.4.4" skipped="0" tests="1" timestamp="2022-04-08T07:33:27.4087192"><testcase classname="dependency-check" name="colorama:0.4.4"/></testsuite><testsuite failures="0" id="82" name="C:\Users\Public\Desktop\code\Orchestration\webapps\venv\Lib\site-packages\colorama\__init__.py" package="colorama:0.4.4" skipped="0" tests="1" timestamp="2022-04-08T07:33:27.4087192"><testcase classname="dependency-check" name="colorama:0.4.4"/></testsuite><testsuite failures="0" id="83" name="C:\Users\Public\Desktop\code\Orchestration\webapps\venv\Lib\site-packages\setuptools\command\__init__.py" package="command:1.0" skipped="0" tests="1" timestamp="2022-04-08T07:33:27.4087192"><testcase classname="dependency-check" name="command:1.0"/></testsuite><testsuite failures="0" id="84" name="C:\Users\Public\Desktop\code\Orchestration\webapps\venv\Lib\site-packages\werkzeug\debug\shared\debugger.js" package="debugger.js" skipped="0" tests="1" timestamp="2022-04-08T07:33:27.4087192"><testcase classname="dependency-check" name="debugger.js"/></testsuite><testsuite failures="0" id="85" name="C:\Users\Public\Desktop\code\Orchestration\webapps\venv\Lib\site-packages\defusedxml-0.7.1.dist-info\METADATA" package="defusedxml:0.7.1" skipped="0" tests="1" timestamp="2022-04-08T07:33:27.4087192"><testcase classname="dependency-check" name="defusedxml:0.7.1"/></testsuite><testsuite failures="0" id="86" name="C:\Users\Public\Desktop\code\Orchestration\webapps\venv\Lib\site-packages\defusedxml\__init__.py" package="defusedxml:0.7.1" skipped="0" tests="1" timestamp="2022-04-08T07:33:27.4087192"><testcase classname="dependency-check" name="defusedxml:0.7.1"/></testsuite><testsuite failures="0" id="87" name="C:\Users\Public\Desktop\code\Orchestration\webapps\venv\Lib\site-packages\pip\_vendor\distlib\__init__.py" package="distlib:0.3.1" skipped="0" tests="1" timestamp="2022-04-08T07:33:27.4087192"><testcase classname="dependency-check" name="distlib:0.3.1"/></testsuite><testsuite failures="0" id="88" name="C:\Users\Public\Desktop\code\Orchestration\webapps\venv\Scripts\flask.exe" package="flask.exe" skipped="0" tests="1" timestamp="2022-04-08T07:33:27.4087192"><testcase classname="dependency-check" name="flask.exe"/></testsuite><testsuite failures="0" id="89" name="C:\Users\Public\Desktop\code\Orchestration\webapps\venv\Lib\site-packages\flask\__init__.py" package="flask:2.0.3" skipped="0" tests="1" timestamp="2022-04-08T07:33:27.4087192"><testcase classname="dependency-check" name="flask:2.0.3"/></testsuite><testsuite failures="0" id="90" name="C:\Users\Public\Desktop\code\Orchestration\webapps\venv\Lib\site-packages\setuptools\gui-32.exe" package="gui-32.exe" skipped="0" tests="1" timestamp="2022-04-08T07:33:27.4087192"><testcase classname="dependency-check" name="gui-32.exe"/></testsuite><testsuite failures="0" id="91" name="C:\Users\Public\Desktop\code\Orchestration\webapps\venv\Lib\site-packages\setuptools\gui-64.exe" package="gui-64.exe" skipped="0" tests="1" timestamp="2022-04-08T07:33:27.4087192"><testcase classname="dependency-check" name="gui-64.exe"/></testsuite><testsuite failures="0" id="92" name="C:\Users\Public\Desktop\code\Orchestration\webapps\venv\Lib\site-packages\pip\_vendor\html5lib\__init__.py" package="html5lib:1.1" skipped="0" tests="1" timestamp="2022-04-08T07:33:27.4087192"><testcase classname="dependency-check" name="html5lib:1.1"/></testsuite><testsuite failures="0" id="93" name="C:\Users\Public\Desktop\code\Orchestration\webapps\venv\Lib\site-packages\pip\_vendor\idna\__init__.py" package="idna:13.0.0" skipped="0" tests="1" timestamp="2022-04-08T07:33:27.4087192"><testcase classname="dependency-check" name="idna:13.0.0"/></testsuite><testsuite failures="0" id="94" name="C:\Users\Public\Desktop\code\Orchestration\webapps\venv\Lib\site-packages\idna\__init__.py" package="idna:14.0.0" skipped="0" tests="1" timestamp="2022-04-08T07:33:27.4087192"><testcase classname="dependency-check" name="idna:14.0.0"/></testsuite><testsuite failures="0" id="95" name="C:\Users\Public\Desktop\code\Orchestration\webapps\venv\Lib\site-packages\idna-3.3.dist-info\METADATA" package="idna:3.3" skipped="0" tests="1" timestamp="2022-04-08T07:33:27.4087192"><testcase classname="dependency-check" name="idna:3.3"/></testsuite><testsuite failures="0" id="96" name="C:\Users\Public\Desktop\code\Orchestration\webapps\venv\Lib\site-packages\importlib_metadata-4.11.3.dist-info\METADATA" package="importlib-metadata:4.11.3" skipped="0" tests="1" timestamp="2022-04-08T07:33:27.4087192"><testcase classname="dependency-check" name="importlib-metadata:4.11.3"/></testsuite><testsuite failures="0" id="97" name="C:\Users\Public\Desktop\code\Orchestration\webapps\venv\Lib\site-packages\itsdangerous-2.1.2.dist-info\METADATA" package="itsdangerous:2.1.2" skipped="0" tests="1" timestamp="2022-04-08T07:33:27.4087192"><testcase classname="dependency-check" name="itsdangerous:2.1.2"/></testsuite><testsuite failures="0" id="98" name="C:\Users\Public\Desktop\code\Orchestration\webapps\venv\Lib\site-packages\itsdangerous\__init__.py" package="itsdangerous:2.1.2" skipped="0" tests="1" timestamp="2022-04-08T07:33:27.4087192"><testcase classname="dependency-check" name="itsdangerous:2.1.2"/></testsuite><testsuite failures="0" id="99" name="C:\Users\Public\Desktop\code\Orchestration\webapps\venv\Lib\site-packages\jinja2\__init__.py" package="jinja2:3.1.1" skipped="0" tests="1" timestamp="2022-04-08T07:33:27.4087192"><testcase classname="dependency-check" name="jinja2:3.1.1"/></testsuite><testsuite failures="0" id="100" name="C:\Users\Public\Desktop\code\Orchestration\webapps\venv\Lib\site-packages\jira-3.1.1.dist-info\METADATA" package="jira:3.1.1" skipped="0" tests="1" timestamp="2022-04-08T07:33:27.4087192"><testcase classname="dependency-check" name="jira:3.1.1"/></testsuite><testsuite failures="0" id="101" name="C:\Users\Public\Desktop\code\Orchestration\webapps\venv\Scripts\jirashell.exe" package="jirashell.exe" skipped="0" tests="1" timestamp="2022-04-08T07:33:27.4087192"><testcase classname="dependency-check" name="jirashell.exe"/></testsuite><testsuite failures="6" id="102" name="C:\Users\Public\Desktop\code\Orchestration\webapps\css\jquery.js" package="jquery.js" skipped="0" tests="6" timestamp="2022-04-08T07:33:27.4087192"><testcase classname="CVE-2011-4969" name="pkg:javascript/jquery@1.5.2"><failure message="cvssV2: MEDIUM, score: 4.3 (/AV:N/AC:M/Au:N/C:N/I:P/A:N)"/><system-out>Cross-site scripting (XSS) vulnerability in jQuery before 1.6.3, when using location.hash to select elements, allows remote attackers to inject arbitrary web script or HTML via a crafted tag.</system-out><system-err>location: C:\Users\Public\Desktop\code\Orchestration\webapps\css\jquery.js</system-err></testcase><testcase classname="CVE-2012-6708" name="pkg:javascript/jquery@1.5.2"><failure message="cvssV3: MEDIUM, score: 6.1 (CVSS:3.0/AV:N/AC:L/PR:N/UI:R/S:C/C:L/I:L/A:N)"/><system-out>jQuery before 1.9.0 is vulnerable to Cross-site Scripting (XSS) attacks. The jQuery(strInput) function does not differentiate selectors from HTML in a reliable fashion. In vulnerable versions, jQuery determined whether the input was HTML by looking for the &apos;&lt;&apos; character anywhere in the string, giving attackers more flexibility when attempting to construct a malicious payload. In fixed versions, jQuery only deems the input to be HTML if it explicitly starts with the &apos;&lt;&apos; character, limiting exploitability only to attackers who can control the beginning of a string, which is far less common.</system-out><system-err>location: C:\Users\Public\Desktop\code\Orchestration\webapps\css\jquery.js</system-err></testcase><testcase classname="CVE-2015-9251" name="pkg:javascript/jquery@1.5.2"><failure message="cvssV3: MEDIUM, score: 6.1 (CVSS:3.0/AV:N/AC:L/PR:N/UI:R/S:C/C:L/I:L/A:N)"/><system-out>jQuery before 3.0.0 is vulnerable to Cross-site Scripting (XSS) attacks when a cross-domain Ajax request is performed without the dataType option, causing text/javascript responses to be executed.</system-out><system-err>location: C:\Users\Public\Desktop\code\Orchestration\webapps\css\jquery.js</system-err></testcase><testcase classname="CVE-2019-11358" name="pkg:javascript/jquery@1.5.2"><failure message="cvssV3: MEDIUM, score: 6.1 (CVSS:3.1/AV:N/AC:L/PR:N/UI:R/S:C/C:L/I:L/A:N)"/><system-out>jQuery before 3.4.0, as used in Drupal, Backdrop CMS, and other products, mishandles jQuery.extend(true, {}, ...) because of Object.prototype pollution. If an unsanitized source object contained an enumerable __proto__ property, it could extend the native Object.prototype.</system-out><system-err>location: C:\Users\Public\Desktop\code\Orchestration\webapps\css\jquery.js</system-err></testcase><testcase classname="CVE-2020-11022" name="pkg:javascript/jquery@1.5.2"><failure message="cvssV3: MEDIUM, score: 6.1 (CVSS:3.1/AV:N/AC:L/PR:N/UI:R/S:C/C:L/I:L/A:N)"/><system-out>In jQuery versions greater than or equal to 1.2 and before 3.5.0, passing HTML from untrusted sources - even after sanitizing it - to one of jQuery&apos;s DOM manipulation methods (i.e. .html(), .append(), and others) may execute untrusted code. This problem is patched in jQuery 3.5.0.</system-out><system-err>location: C:\Users\Public\Desktop\code\Orchestration\webapps\css\jquery.js</system-err></testcase><testcase classname="CVE-2020-11023" name="pkg:javascript/jquery@1.5.2"><failure message="cvssV3: MEDIUM, score: 6.1 (CVSS:3.1/AV:N/AC:L/PR:N/UI:R/S:C/C:L/I:L/A:N)"/><system-out>In jQuery versions greater than or equal to 1.0.3 and before 3.5.0, passing HTML containing &lt;option&gt; elements from untrusted sources - even after sanitizing it - to one of jQuery&apos;s DOM manipulation methods (i.e. .html(), .append(), and others) may execute untrusted code. This problem is patched in jQuery 3.5.0.</system-out><system-err>location: C:\Users\Public\Desktop\code\Orchestration\webapps\css\jquery.js</system-err></testcase></testsuite><testsuite failures="0" id="103" name="C:\Users\Public\Desktop\code\Orchestration\webapps\venv\Scripts\keyring.exe" package="keyring.exe" skipped="0" tests="1" timestamp="2022-04-08T07:33:27.4087192"><testcase classname="dependency-check" name="keyring.exe"/></testsuite><testsuite failures="0" id="104" name="C:\Users\Public\Desktop\code\Orchestration\webapps\venv\Lib\site-packages\keyring-23.5.0.dist-info\METADATA" package="keyring:23.5.0" skipped="0" tests="1" timestamp="2022-04-08T07:33:27.4087192"><testcase classname="dependency-check" name="keyring:23.5.0"/></testsuite><testsuite failures="0" id="105" name="C:\Users\Public\Desktop\code\Orchestration\webapps\venv\Lib\site-packages\lib-4.0.0.dist-info\METADATA" package="lib:4.0.0" skipped="0" tests="1" timestamp="2022-04-08T07:33:27.4087192"><testcase classname="dependency-check" name="lib:4.0.0"/></testsuite><testsuite failures="0" id="106" name="C:\Users\Public\Desktop\code\Orchestration\webapps\venv\Lib\site-packages\markupsafe\__init__.py" package="markupsafe:2.1.1" skipped="0" tests="1" timestamp="2022-04-08T07:33:27.4087192"><testcase classname="dependency-check" name="markupsafe:2.1.1"/></testsuite><testsuite failures="0" id="107" name="C:\Users\Public\Desktop\code\Orchestration\webapps\venv\Lib\site-packages\setuptools\_vendor\more_itertools\__init__.py" package="more_itertools:8.8.0" skipped="0" tests="1" timestamp="2022-04-08T07:33:27.4087192"><testcase classname="dependency-check" name="more_itertools:8.8.0"/></testsuite><testsuite failures="0" id="108" name="C:\Users\Public\Desktop\code\Orchestration\webapps\venv\Scripts\normalizer.exe" package="normalizer.exe" skipped="0" tests="1" timestamp="2022-04-08T07:33:27.4087192"><testcase classname="dependency-check" name="normalizer.exe"/></testsuite><testsuite failures="0" id="109" name="C:\Users\Public\Desktop\code\Orchestration\webapps\venv\Lib\site-packages\oauthlib-3.2.0.dist-info\METADATA" package="oauthlib:3.2.0" skipped="0" tests="1" timestamp="2022-04-08T07:33:27.4087192"><testcase classname="dependency-check" name="oauthlib:3.2.0"/></testsuite><testsuite failures="0" id="110" name="C:\Users\Public\Desktop\code\Orchestration\webapps\venv\Lib\site-packages\oauthlib\__init__.py" package="oauthlib:3.2.0" skipped="0" tests="1" timestamp="2022-04-08T07:33:27.4087192"><testcase classname="dependency-check" name="oauthlib:3.2.0"/></testsuite><testsuite failures="0" id="111" name="C:\Users\Public\Desktop\code\Orchestration\webapps\venv\Lib\site-packages\pip\_vendor\urllib3\packages\__init__.py" package="packages:1.12.0" skipped="0" tests="1" timestamp="2022-04-08T07:33:27.4087192"><testcase classname="dependency-check" name="packages:1.12.0"/></testsuite><testsuite failures="0" id="112" name="C:\Users\Public\Desktop\code\Orchestration\webapps\venv\Lib\site-packages\pip\_vendor\packaging\__init__.py" package="packaging:20.9" skipped="0" tests="1" timestamp="2022-04-08T07:33:27.4087192"><testcase classname="dependency-check" name="packaging:20.9"/></testsuite><testsuite failures="0" id="113" name="C:\Users\Public\Desktop\code\Orchestration\webapps\venv\Lib\site-packages\pip\_vendor\pep517\__init__.py" package="pep517:0.10.0" skipped="0" tests="1" timestamp="2022-04-08T07:33:27.4087192"><testcase classname="dependency-check" name="pep517:0.10.0"/></testsuite><testsuite failures="0" id="114" name="C:\Users\Public\Desktop\code\Orchestration\webapps\venv\Scripts\pip-3.10.exe" package="pip-3.10.exe" skipped="0" tests="1" timestamp="2022-04-08T07:33:27.4087192"><testcase classname="dependency-check" name="pip-3.10.exe"/></testsuite><testsuite failures="1" id="115" name="C:\Users\Public\Desktop\code\Orchestration\webapps\venv\Lib\site-packages\pip-21.1.2.dist-info\METADATA" package="pip:21.1.2" skipped="0" tests="1" timestamp="2022-04-08T07:33:27.4087192"><testcase classname="CVE-2018-20225" name="pkg:pypi/pip@21.1.2"><failure message="cvssV3: HIGH, score: 7.8 (CVSS:3.1/AV:L/AC:L/PR:N/UI:R/S:U/C:H/I:H/A:H)"/><system-out>** DISPUTED ** An issue was discovered in pip (all versions) because it installs the version with the highest version number, even if the user had intended to obtain a private package from a private index. This only affects use of the --extra-index-url option, and exploitation requires that the package does not already exist in the public index (and thus the attacker can put the package there with an arbitrary version number). NOTE: it has been reported that this is intended functionality and the user is responsible for using --extra-index-url securely.</system-out><system-err>location: C:\Users\Public\Desktop\code\Orchestration\webapps\venv\Lib\site-packages\pip-21.1.2.dist-info\METADATA</system-err></testcase></testsuite><testsuite failures="0" id="116" name="C:\Users\Public\Desktop\code\Orchestration\webapps\venv\Lib\site-packages\pip\__init__.py" package="pip:21.1.2" skipped="0" tests="1" timestamp="2022-04-08T07:33:27.4087192"><testcase classname="dependency-check" name="pip:21.1.2"/></testsuite><testsuite failures="0" id="117" name="C:\Users\Public\Desktop\code\Orchestration\webapps\venv\Lib\site-packages\pip\_vendor\progress\__init__.py" package="progress:1.5" skipped="0" tests="1" timestamp="2022-04-08T07:33:27.4087192"><testcase classname="dependency-check" name="progress:1.5"/></testsuite><testsuite failures="1" id="118" name="C:\Users\Public\Desktop\code\Orchestration\webapps\venv\Scripts\python.exe" package="python.exe" skipped="0" tests="1" timestamp="2022-04-08T07:33:27.4087192"><testcase classname="CVE-2007-4559" name="pkg:generic/Python@3.10.3"><failure message="cvssV2: MEDIUM, score: 6.8 (/AV:N/AC:M/Au:N/C:P/I:P/A:P)"/><system-out>Directory traversal vulnerability in the (1) extract and (2) extractall functions in the tarfile module in Python allows user-assisted remote attackers to overwrite arbitrary files via a .. (dot dot) sequence in filenames in a TAR archive, a related issue to CVE-2001-1267.</system-out><system-err>location: C:\Users\Public\Desktop\code\Orchestration\webapps\venv\Scripts\python.exe</system-err></testcase></testsuite><testsuite failures="1" id="119" name="C:\Users\Public\Desktop\code\Orchestration\webapps\venv\Scripts\pythonw.exe" package="pythonw.exe" skipped="0" tests="1" timestamp="2022-04-08T07:33:27.4087192"><testcase classname="CVE-2007-4559" name="pkg:generic/Python@3.10.3"><failure message="cvssV2: MEDIUM, score: 6.8 (/AV:N/AC:M/Au:N/C:P/I:P/A:P)"/><system-out>Directory traversal vulnerability in the (1) extract and (2) extractall functions in the tarfile module in Python allows user-assisted remote attackers to overwrite arbitrary files via a .. (dot dot) sequence in filenames in a TAR archive, a related issue to CVE-2001-1267.</system-out><system-err>location: C:\Users\Public\Desktop\code\Orchestration\webapps\venv\Scripts\pythonw.exe</system-err></testcase></testsuite><testsuite failures="1" id="120" name="C:\Users\Public\Desktop\code\Orchestration\webapps\venv\Lib\site-packages\pywin32_ctypes-0.2.0.dist-info\METADATA" package="pywin32-ctypes:0.2.0" skipped="0" tests="1" timestamp="2022-04-08T07:33:27.4087192"><testcase classname="CVE-2021-32559" name="pkg:pypi/pywin32-ctypes@0.2.0"><failure message="cvssV3: MEDIUM, score: 6.5 (CVSS:3.1/AV:N/AC:L/PR:L/UI:N/S:U/C:N/I:N/A:H)"/><system-out>An integer overflow exists in pywin32 prior to version b301 when adding an access control entry (ACE) to an access control list (ACL) that would cause the size to be greater than 65535 bytes. An attacker who successfully exploited this vulnerability could crash the vulnerable process.</system-out><system-err>location: C:\Users\Public\Desktop\code\Orchestration\webapps\venv\Lib\site-packages\pywin32_ctypes-0.2.0.dist-info\METADATA</system-err></testcase></testsuite><testsuite failures="0" id="121" name="C:\Users\Public\Desktop\code\Orchestration\webapps\venv\Lib\site-packages\requests_oauthlib-1.3.1.dist-info\METADATA" package="requests-oauthlib:1.3.1" skipped="0" tests="1" timestamp="2022-04-08T07:33:27.4087192"><testcase classname="dependency-check" name="requests-oauthlib:1.3.1"/></testsuite><testsuite failures="0" id="122" name="C:\Users\Public\Desktop\code\Orchestration\webapps\venv\Lib\site-packages\requests_toolbelt-0.9.1.dist-info\METADATA" package="requests-toolbelt:0.9.1" skipped="0" tests="1" timestamp="2022-04-08T07:33:27.4087192"><testcase classname="dependency-check" name="requests-toolbelt:0.9.1"/></testsuite><testsuite failures="0" id="123" name="C:\Users\Public\Desktop\code\Orchestration\webapps\venv\Lib\site-packages\pip\_vendor\requests\__init__.py" package="requests:2.25.1" skipped="0" tests="1" timestamp="2022-04-08T07:33:27.4087192"><testcase classname="dependency-check" name="requests:2.25.1"/></testsuite><testsuite failures="0" id="124" name="C:\Users\Public\Desktop\code\Orchestration\webapps\venv\Lib\site-packages\requests-2.27.1.dist-info\METADATA" package="requests:2.27.1" skipped="0" tests="1" timestamp="2022-04-08T07:33:27.4087192"><testcase classname="dependency-check" name="requests:2.27.1"/></testsuite><testsuite failures="0" id="125" name="C:\Users\Public\Desktop\code\Orchestration\webapps\venv\Lib\site-packages\requests\__init__.py" package="requests:2.27.1" skipped="0" tests="1" timestamp="2022-04-08T07:33:27.4087192"><testcase classname="dependency-check" name="requests:2.27.1"/></testsuite><testsuite failures="0" id="126" name="C:\Users\Public\Desktop\code\Orchestration\webapps\venv\Lib\site-packages\requests_oauthlib\__init__.py" package="requests_oauthlib:1.3.1" skipped="0" tests="1" timestamp="2022-04-08T07:33:27.4087192"><testcase classname="dependency-check" name="requests_oauthlib:1.3.1"/></testsuite><testsuite failures="0" id="127" name="C:\Users\Public\Desktop\code\Orchestration\webapps\venv\Lib\site-packages\requests_toolbelt\__init__.py" package="requests_toolbelt:0.9.1" skipped="0" tests="1" timestamp="2022-04-08T07:33:27.4087192"><testcase classname="dependency-check" name="requests_toolbelt:0.9.1"/></testsuite><testsuite failures="0" id="128" name="C:\Users\Public\Desktop\code\Orchestration\webapps\venv\Lib\site-packages\pip\_vendor\resolvelib\__init__.py" package="resolvelib:0.7.0" skipped="0" tests="1" timestamp="2022-04-08T07:33:27.4087192"><testcase classname="dependency-check" name="resolvelib:0.7.0"/></testsuite><testsuite failures="0" id="129" name="C:\Users\Public\Desktop\code\Orchestration\webapps\css\script.js" package="script.js" skipped="0" tests="1" timestamp="2022-04-08T07:33:27.4087192"><testcase classname="dependency-check" name="script.js"/></testsuite><testsuite failures="0" id="130" name="C:\Users\Public\Desktop\code\Orchestration\webapps\venv\Lib\site-packages\setuptools-57.0.0.dist-info\METADATA" package="setuptools:57.0.0" skipped="0" tests="1" timestamp="2022-04-08T07:33:27.4087192"><testcase classname="dependency-check" name="setuptools:57.0.0"/></testsuite><testsuite failures="0" id="131" name="C:\Users\Public\Desktop\code\Orchestration\webapps\venv\Lib\site-packages\pip\_vendor\urllib3\packages\ssl_match_hostname\__init__.py" package="ssl_match_hostname:3.5.0.1" skipped="0" tests="1" timestamp="2022-04-08T07:33:27.4087192"><testcase classname="dependency-check" name="ssl_match_hostname:3.5.0.1"/></testsuite><testsuite failures="0" id="132" name="C:\Users\Public\Desktop\code\Orchestration\webapps\venv\Lib\site-packages\pip\_vendor\distlib\t32.exe" package="t32.exe" skipped="0" tests="1" timestamp="2022-04-08T07:33:27.4087192"><testcase classname="dependency-check" name="t32.exe"/></testsuite><testsuite failures="0" id="133" name="C:\Users\Public\Desktop\code\Orchestration\webapps\venv\Lib\site-packages\pip\_vendor\distlib\t64.exe" package="t64.exe" skipped="0" tests="1" timestamp="2022-04-08T07:33:27.4087192"><testcase classname="dependency-check" name="t64.exe"/></testsuite><testsuite failures="0" id="134" name="C:\Users\Public\Desktop\code\Orchestration\webapps\venv\Lib\site-packages\pip\_vendor\toml\__init__.py" package="toml:0.10.2" skipped="0" tests="1" timestamp="2022-04-08T07:33:27.4087192"><testcase classname="dependency-check" name="toml:0.10.2"/></testsuite><testsuite failures="0" id="135" name="C:\Users\Public\Desktop\code\Orchestration\webapps\venv\Lib\site-packages\urllib3-1.26.8.dist-info\METADATA" package="urllib3:1.26.8" skipped="0" tests="1" timestamp="2022-04-08T07:33:27.4087192"><testcase classname="dependency-check" name="urllib3:1.26.8"/></testsuite><testsuite failures="0" id="136" name="C:\Users\Public\Desktop\code\Orchestration\webapps\venv\Lib\site-packages\urllib3\__init__.py" package="urllib3:1.26.8" skipped="0" tests="1" timestamp="2022-04-08T07:33:27.4087192"><testcase classname="dependency-check" name="urllib3:1.26.8"/></testsuite><testsuite failures="0" id="137" name="C:\Users\Public\Desktop\code\Orchestration\webapps\venv\Lib\site-packages\urllib3\util\__init__.py" package="util:3.5.0.1" skipped="0" tests="1" timestamp="2022-04-08T07:33:27.4087192"><testcase classname="dependency-check" name="util:3.5.0.1"/></testsuite><testsuite failures="0" id="138" name="C:\Users\Public\Desktop\code\Orchestration\webapps\venv\Lib\site-packages\pip\_vendor\distlib\w32.exe" package="w32.exe" skipped="0" tests="1" timestamp="2022-04-08T07:33:27.4087192"><testcase classname="dependency-check" name="w32.exe"/></testsuite><testsuite failures="0" id="139" name="C:\Users\Public\Desktop\code\Orchestration\webapps\venv\Lib\site-packages\pip\_vendor\distlib\w64.exe" package="w64.exe" skipped="0" tests="1" timestamp="2022-04-08T07:33:27.4087192"><testcase classname="dependency-check" name="w64.exe"/></testsuite><testsuite failures="0" id="140" name="C:\Users\Public\Desktop\code\Orchestration\webapps\venv\Lib\site-packages\pip\_vendor\webencodings\__init__.py" package="webencodings:0.5.1" skipped="0" tests="1" timestamp="2022-04-08T07:33:27.4087192"><testcase classname="dependency-check" name="webencodings:0.5.1"/></testsuite><testsuite failures="0" id="141" name="C:\Users\Public\Desktop\code\Orchestration\webapps\venv\Lib\site-packages\werkzeug\__init__.py" package="werkzeug:2.1.0" skipped="0" tests="1" timestamp="2022-04-08T07:33:27.4087192"><testcase classname="dependency-check" name="werkzeug:2.1.0"/></testsuite><testsuite failures="0" id="142" name="C:\Users\Public\Desktop\code\Orchestration\webapps\venv\Scripts\wheel-3.10.exe" package="wheel-3.10.exe" skipped="0" tests="1" timestamp="2022-04-08T07:33:27.4087192"><testcase classname="dependency-check" name="wheel-3.10.exe"/></testsuite><testsuite failures="0" id="143" name="C:\Users\Public\Desktop\code\Orchestration\webapps\venv\Lib\site-packages\wheel-0.36.2.dist-info\METADATA" package="wheel:0.36.2" skipped="0" tests="1" timestamp="2022-04-08T07:33:27.4087192"><testcase classname="dependency-check" name="wheel:0.36.2"/></testsuite><testsuite failures="0" id="144" name="C:\Users\Public\Desktop\code\Orchestration\webapps\venv\Lib\site-packages\wheel\__init__.py" package="wheel:0.36.2" skipped="0" tests="1" timestamp="2022-04-08T07:33:27.4087192"><testcase classname="dependency-check" name="wheel:0.36.2"/></testsuite><testsuite failures="0" id="145" name="C:\Users\Public\Desktop\code\Orchestration\webapps\venv\Lib\site-packages\win32ctypes\__init__.py" package="win32ctypes:0.2.0" skipped="0" tests="1" timestamp="2022-04-08T07:33:27.4087192"><testcase classname="dependency-check" name="win32ctypes:0.2.0"/></testsuite><testsuite failures="0" id="146" name="C:\Users\Public\Desktop\code\Orchestration\webapps\venv\Lib\site-packages\zipp-3.7.0.dist-info\METADATA" package="zipp:3.7.0" skipped="0" tests="1" timestamp="2022-04-08T07:33:27.4087192"><testcase classname="dependency-check" name="zipp:3.7.0"/></testsuite></testsuites>